<?xml version="1.0" encoding="UTF-8"?>
<!-- Generated by org.testng.reporters.JUnitReportReporter -->
<testsuite hostname="Bipin" failures="0" tests="1" name="testcases.LoginTest" time="0.008" errors="0" timestamp="2024-05-21T10:54:51 IST" skipped="0">
  <testcase classname="testcases.LoginTest" name="Login" time="0.008"/>
</testsuite> <!-- testcases.LoginTest -->
