<?xml version="1.0" encoding="UTF-8"?>
<!-- Generated by org.testng.reporters.JUnitReportReporter -->
<testsuite hostname="Bipin" failures="0" tests="1" name="testcases.LoginTest" time="5.627" errors="0" timestamp="2024-05-21T17:40:08 IST" skipped="0">
  <testcase classname="testcases.LoginTest" name="Login" time="5.627"/>
</testsuite> <!-- testcases.LoginTest -->
